#
# A fatal error has been detected by the Java Runtime Environment:
#
#  SIGSEGV (0xb) at pc=0x000000010c994d2e, pid=27736, tid=17155
#
# JRE version: Java(TM) SE Runtime Environment (8.0_40-b27) (build 1.8.0_40-b27)
# Java VM: Java HotSpot(TM) 64-Bit Server VM (25.40-b25 mixed mode bsd-amd64 compressed oops)
# Problematic frame:
# V  [libjvm.dylib+0x432d2e]
#
# Failed to write core dump. Core dumps have been disabled. To enable core dumping, try "ulimit -c unlimited" before starting Java again
#
# If you would like to submit a bug report, please visit:
#   http://bugreport.java.com/bugreport/crash.jsp
#

---------------  T H R E A D  ---------------

Current thread (0x00007ff1fb84d800):  JavaThread "JDWP Transport Listener: dt_socket" daemon [_thread_in_vm, id=17155, stack(0x0000700000b3b000,0x0000700000c3b000)]

siginfo: si_signo: 11 (SIGSEGV), si_code: 0 (unknown), si_addr: 0x0000000000000000

Registers:
RAX=0x0000000000000001, RBX=0x2f484d246d726f46, RCX=0x000000010cd5c190, RDX=0x0000700000c3aa8b
RSP=0x0000700000c3a9d0, RBP=0x0000700000c3a9e0, RSI=0x00007ff1fb84d800, RDI=0x00007ff1fa530008
R8 =0x0000000000000000, R9 =0x00007ff1fa459c50, R10=0x0000000051576fff, R11=0x00007ff1fa400000
R12=0x00007ff1fb84d800, R13=0x00007ff1fa530008, R14=0x00007ff1fa530008, R15=0x00007ff1fa601b40
RIP=0x000000010c994d2e, EFLAGS=0x0000000000010216, ERR=0x0000000000000000
  TRAPNO=0x000000000000000d

Top of Stack: (sp=0x0000700000c3a9d0)
0x0000700000c3a9d0:   0000700000c3aa8b 0000700000c3aa8b
0x0000700000c3a9e0:   0000700000c3aa40 000000010c8a511a
0x0000700000c3a9f0:   00007ff1fb84d800 0000000000000000
0x0000700000c3aa00:   0000000000000000 0000000000000000
0x0000700000c3aa10:   00007ff1fb84d800 00007ff1fb84d800
0x0000700000c3aa20:   0000700000c3aa8b 0000700000c3aa90
0x0000700000c3aa30:   00007ff1fa530008 000000000000000e
0x0000700000c3aa40:   0000700000c3aa60 000000010d52f780
0x0000700000c3aa50:   0000000000000001 0000700000c3ab08
0x0000700000c3aa60:   0000700000c3aad0 000000010d5141f3
0x0000700000c3aa70:   0000700000c3aaa0 00007ff1fa445dd0
0x0000700000c3aa80:   0000000f00000032 0000000100c3ab08
0x0000700000c3aa90:   0000000000000000 0000000000000000
0x0000700000c3aaa0:   0000000000000000 0000700000c3ac90
0x0000700000c3aab0:   000000010d536e7a 00007ff1fa7380e0
0x0000700000c3aac0:   0000700000c3ab08 000000010d542598
0x0000700000c3aad0:   0000700000c3aae0 000000010d5142ec
0x0000700000c3aae0:   0000700000c3ad00 000000010d51d898
0x0000700000c3aaf0:   00006f1000000013 00000000000f0200
0x0000700000c3ab00:   00007ff1fa73ca80 00007ff1fa45c0d4
0x0000700000c3ab10:   00007ff100000184 00007ff1fa434e20
0x0000700000c3ab20:   00007ff10000012c 0000700000c3ab58
0x0000700000c3ab30:   00007ff1fa434e20 0000000000000000
0x0000700000c3ab40:   00006f100000000f 0000000000000080
0x0000700000c3ab50:   0000700000c3ab58 f17f00000f000000
0x0000700000c3ab60:   0800000090cb63fa 7365443374736574
0x0000700000c3ab70:   0056292803000000 0001000000000000
0x0000700000c3ab80:   00d04572faf17f00 726f666562060000
0x0000700000c3ab90:   5629280300000065 0100000000000000
0x0000700000c3aba0:   d84572faf17f0000 7473657405000000
0x0000700000c3abb0:   5629280300000031 0100000000000000
0x0000700000c3abc0:   284771faf17f0000 626d616c15000000 

Instructions: (pc=0x000000010c994d2e)
0x000000010c994d0e:   31 c0 5d c3 55 48 89 e5 53 48 83 ec 08 48 85 ff
0x000000010c994d1e:   74 24 48 8b 1f 48 85 db 74 1c 48 83 fb 37 74 16
0x000000010c994d2e:   48 8b 03 48 89 df ff 50 10 84 c0 b8 00 00 00 00
0x000000010c994d3e:   48 0f 45 c3 eb 02 31 c0 48 83 c4 08 5b 5d c3 90 

Register to memory mapping:

RAX=0x0000000000000001 is an unknown value
RBX=0x2f484d246d726f46 is an unknown value
RCX=0x000000010cd5c190: UseMembar+0 in /Library/Java/JavaVirtualMachines/jdk1.8.0_40.jdk/Contents/Home/jre/lib/server/libjvm.dylib at 0x000000010c562000
RDX=0x0000700000c3aa8b is pointing into the stack for thread: 0x00007ff1fb84d800
RSP=0x0000700000c3a9d0 is pointing into the stack for thread: 0x00007ff1fb84d800
RBP=0x0000700000c3a9e0 is pointing into the stack for thread: 0x00007ff1fb84d800
RSI=0x00007ff1fb84d800 is a thread
RDI=0x00007ff1fa530008 is an unknown value
R8 =0x0000000000000000 is an unknown value
R9 =0x00007ff1fa459c50 is an unknown value
R10=0x0000000051576fff is an unknown value
R11=0x00007ff1fa400000 is an unknown value
R12=0x00007ff1fb84d800 is a thread
R13=0x00007ff1fa530008 is an unknown value
R14=0x00007ff1fa530008 is an unknown value
R15=0x00007ff1fa601b40 is an unknown value


Stack: [0x0000700000b3b000,0x0000700000c3b000],  sp=0x0000700000c3a9d0,  free space=1022k
Native frames: (J=compiled Java code, j=interpreted, Vv=VM code, C=native code)
V  [libjvm.dylib+0x432d2e]
V  [libjvm.dylib+0x34311a]
C  [libjdwp.dylib+0x20780]  isMethodSynthetic+0x63
C  [libjdwp.dylib+0x51f3]  methods1+0x10b
C  [libjdwp.dylib+0x52ec]  methodsWithGeneric+0xe
C  [libjdwp.dylib+0xe898]  debugLoop_run+0x1ce
C  [libjdwp.dylib+0x1f6ba]  attachThread+0x4d
V  [libjvm.dylib+0x384060]
V  [libjvm.dylib+0x549acf]
V  [libjvm.dylib+0x54b1c0]
V  [libjvm.dylib+0x46ea8e]
C  [libsystem_pthread.dylib+0x399d]  _pthread_body+0x83
C  [libsystem_pthread.dylib+0x391a]  _pthread_body+0x0
C  [libsystem_pthread.dylib+0x1351]  thread_start+0xd
C  0x0000000000000000


---------------  P R O C E S S  ---------------

Java Threads: ( => current thread )
  0x00007ff1fb858800 JavaThread "Service Thread" daemon [_thread_blocked, id=20227, stack(0x000070000114d000,0x000070000124d000)]
  0x00007ff1fa81d000 JavaThread "C1 CompilerThread2" daemon [_thread_blocked, id=19715, stack(0x000070000104a000,0x000070000114a000)]
  0x00007ff1fa81b800 JavaThread "C2 CompilerThread1" daemon [_thread_blocked, id=19203, stack(0x0000700000f47000,0x0000700001047000)]
  0x00007ff1fc023000 JavaThread "C2 CompilerThread0" daemon [_thread_blocked, id=18691, stack(0x0000700000e44000,0x0000700000f44000)]
  0x00007ff1fc032800 JavaThread "JDWP Command Reader" daemon [_thread_in_native, id=18179, stack(0x0000700000d41000,0x0000700000e41000)]
  0x00007ff1fb84e000 JavaThread "JDWP Event Helper Thread" daemon [_thread_blocked, id=17667, stack(0x0000700000c3e000,0x0000700000d3e000)]
=>0x00007ff1fb84d800 JavaThread "JDWP Transport Listener: dt_socket" daemon [_thread_in_vm, id=17155, stack(0x0000700000b3b000,0x0000700000c3b000)]
  0x00007ff1fa81b000 JavaThread "Signal Dispatcher" daemon [_thread_blocked, id=12815, stack(0x0000700000a38000,0x0000700000b38000)]
  0x00007ff1fb000800 JavaThread "Finalizer" daemon [_thread_blocked, id=11779, stack(0x000070000082f000,0x000070000092f000)]
  0x00007ff1fb831800 JavaThread "Reference Handler" daemon [_thread_blocked, id=11267, stack(0x000070000072c000,0x000070000082c000)]
  0x00007ff1fc001800 JavaThread "main" [_thread_blocked, id=4099, stack(0x0000700000084000,0x0000700000184000)]

Other Threads:
  0x00007ff1fb82e800 VMThread [stack: 0x0000700000629000,0x0000700000729000] [id=10755]
  0x00007ff1fb029800 WatcherThread [stack: 0x0000700001250000,0x0000700001350000] [id=20739]

VM state:not at safepoint (normal execution)

VM Mutex/Monitor currently owned by a thread: None

Heap:
 PSYoungGen      total 18944K, used 13464K [0x00000007aab00000, 0x00000007ac000000, 0x00000007c0000000)
  eden space 16384K, 82% used [0x00000007aab00000,0x00000007ab826110,0x00000007abb00000)
  from space 2560K, 0% used [0x00000007abd80000,0x00000007abd80000,0x00000007ac000000)
  to   space 2560K, 0% used [0x00000007abb00000,0x00000007abb00000,0x00000007abd80000)
 ParOldGen       total 44032K, used 0K [0x0000000780000000, 0x0000000782b00000, 0x00000007aab00000)
  object space 44032K, 0% used [0x0000000780000000,0x0000000780000000,0x0000000782b00000)
 Metaspace       used 5671K, capacity 5884K, committed 6144K, reserved 1056768K
  class space    used 641K, capacity 703K, committed 768K, reserved 1048576K

Card table byte_map: [0x000000011d1c0000,0x000000011d3c1000] byte_map_base: 0x00000001195c0000

Marking Bits: (ParMarkBitMap*) 0x000000010ce247a0
 Begin Bits: [0x000000011d517000, 0x000000011e517000)
 End Bits:   [0x000000011e517000, 0x000000011f517000)

Polling page: 0x000000010d50e000

CodeCache: size=245760Kb used=2399Kb max_used=2411Kb free=243360Kb
 bounds [0x000000010de00000, 0x000000010e070000, 0x000000011ce00000]
 total_blobs=808 nmethods=539 adapters=191
 compilation: enabled

Compilation events (10 events):
Event: 1.034 Thread 0x00007ff1fa81d000 nmethod 536 0x000000010e054490 code [0x000000010e054600, 0x000000010e0548a8]
Event: 1.034 Thread 0x00007ff1fa81d000  533       3       jdk.internal.org.objectweb.asm.ByteVector::<init> (13 bytes)
Event: 1.034 Thread 0x00007ff1fa81d000 nmethod 533 0x000000010e054a50 code [0x000000010e054bc0, 0x000000010e054e10]
Event: 1.034 Thread 0x00007ff1fa81d000  534       3       jdk.internal.org.objectweb.asm.ByteVector::putByteArray (49 bytes)
Event: 1.035 Thread 0x00007ff1fa81d000 nmethod 534 0x000000010e054ed0 code [0x000000010e055060, 0x000000010e055398]
Event: 1.035 Thread 0x00007ff1fa81d000  539       3       java.lang.invoke.MethodType::insertParameterTypes (106 bytes)
Event: 1.037 Thread 0x00007ff1fa81d000 nmethod 539 0x000000010e055490 code [0x000000010e055760, 0x000000010e056a88]
Event: 1.037 Thread 0x00007ff1fa81d000  538       1       java.lang.invoke.MethodTypeForm::basicType (5 bytes)
Event: 1.037 Thread 0x00007ff1fa81d000 nmethod 538 0x000000010e057610 code [0x000000010e057760, 0x000000010e057870]
Event: 1.040 Thread 0x00007ff1fc023000 nmethod 535 0x000000010e05a950 code [0x000000010e05aac0, 0x000000010e05af58]

GC Heap History (0 events):
No events

Deoptimization events (2 events):
Event: 0.312 Thread 0x00007ff1fc001800 Uncommon trap: reason=unstable_if action=reinterpret pc=0x000000010df12b60 method=java.lang.String.indexOf(II)I @ 49
Event: 0.325 Thread 0x00007ff1fc001800 Uncommon trap: reason=unstable_if action=reinterpret pc=0x000000010df08e4c method=java.lang.String.hashCode()I @ 14

Internal exceptions (10 events):
Event: 0.312 Thread 0x00007ff1fc001800 Exception <a 'java/security/PrivilegedActionException'> (0x00000007aad3b588) thrown at [/Users/java_re/workspace/8-2-build-macosx-x86_64/jdk8u40/3153/hotspot/src/share/vm/prims/jvm.cpp, line 1382]
Event: 0.312 Thread 0x00007ff1fc001800 Exception <a 'java/security/PrivilegedActionException'> (0x00000007aad3b740) thrown at [/Users/java_re/workspace/8-2-build-macosx-x86_64/jdk8u40/3153/hotspot/src/share/vm/prims/jvm.cpp, line 1382]
Event: 0.509 Thread 0x00007ff1fc001800 Exception <a 'java/io/FileNotFoundException'> (0x00000007aaf99888) thrown at [/Users/java_re/workspace/8-2-build-macosx-x86_64/jdk8u40/3153/hotspot/src/share/vm/prims/jni.cpp, line 709]
Event: 0.530 Thread 0x00007ff1fc001800 Exception <a 'java/security/PrivilegedActionException'> (0x00000007ab004838) thrown at [/Users/java_re/workspace/8-2-build-macosx-x86_64/jdk8u40/3153/hotspot/src/share/vm/prims/jvm.cpp, line 1382]
Event: 0.530 Thread 0x00007ff1fc001800 Exception <a 'java/security/PrivilegedActionException'> (0x00000007ab0049f0) thrown at [/Users/java_re/workspace/8-2-build-macosx-x86_64/jdk8u40/3153/hotspot/src/share/vm/prims/jvm.cpp, line 1382]
Event: 0.530 Thread 0x00007ff1fc001800 Exception <a 'java/security/PrivilegedActionException'> (0x00000007ab007be0) thrown at [/Users/java_re/workspace/8-2-build-macosx-x86_64/jdk8u40/3153/hotspot/src/share/vm/prims/jvm.cpp, line 1382]
Event: 0.530 Thread 0x00007ff1fc001800 Exception <a 'java/security/PrivilegedActionException'> (0x00000007ab007d98) thrown at [/Users/java_re/workspace/8-2-build-macosx-x86_64/jdk8u40/3153/hotspot/src/share/vm/prims/jvm.cpp, line 1382]
Event: 0.980 Thread 0x00007ff1fc001800 Exception <a 'java/lang/NoSuchFieldError': method resolution failed> (0x00000007ab766158) thrown at [/Users/java_re/workspace/8-2-build-macosx-x86_64/jdk8u40/3153/hotspot/src/share/vm/prims/methodHandles.cpp, line 1125]
Event: 0.988 Thread 0x00007ff1fc001800 Exception <a 'java/lang/NoSuchFieldError': method resolution failed> (0x00000007ab774ab8) thrown at [/Users/java_re/workspace/8-2-build-macosx-x86_64/jdk8u40/3153/hotspot/src/share/vm/prims/methodHandles.cpp, line 1125]
Event: 1.033 Thread 0x00007ff1fc001800 Exception <a 'java/lang/NoSuchMethodError': java.lang.Object.lambda$comparing$77a9974f$1(Ljava/util/function/Function;Ljava/lang/Object;Ljava/lang/Object;)I> (0x00000007ab7f7be8) thrown at [/Users/java_re/workspace/8-2-build-macosx-x86_64/jdk8u40/3153/hot

Events (10 events):
Event: 1409.834 Executing VM operation: GetOrSetLocal
Event: 1409.834 Executing VM operation: GetOrSetLocal done
Event: 1409.838 Executing VM operation: GetOrSetLocal
Event: 1409.838 Executing VM operation: GetOrSetLocal done
Event: 1409.840 Executing VM operation: GetOrSetLocal
Event: 1409.840 Executing VM operation: GetOrSetLocal done
Event: 1409.842 Executing VM operation: GetOrSetLocal
Event: 1409.843 Executing VM operation: GetOrSetLocal done
Event: 1409.844 Executing VM operation: GetOrSetLocal
Event: 1409.844 Executing VM operation: GetOrSetLocal done


Dynamic libraries:
0x0000000002d0e000 	/System/Library/Frameworks/Cocoa.framework/Versions/A/Cocoa
0x0000000002d0e000 	/System/Library/Frameworks/Security.framework/Versions/A/Security
0x0000000002d0e000 	/System/Library/Frameworks/ApplicationServices.framework/Versions/A/ApplicationServices
0x0000000002d0e000 	/usr/lib/libz.1.dylib
0x0000000002d0e000 	/usr/lib/libSystem.B.dylib
0x0000000002d0e000 	/usr/lib/libobjc.A.dylib
0x0000000002d0e000 	/System/Library/Frameworks/CoreFoundation.framework/Versions/A/CoreFoundation
0x0000000002d0e000 	/System/Library/Frameworks/Foundation.framework/Versions/C/Foundation
0x0000000002d0e000 	/System/Library/Frameworks/AppKit.framework/Versions/C/AppKit
0x0000000002d0e000 	/System/Library/Frameworks/CoreData.framework/Versions/A/CoreData
0x0000000002d0e000 	/System/Library/PrivateFrameworks/RemoteViewServices.framework/Versions/A/RemoteViewServices
0x0000000002d0e000 	/System/Library/PrivateFrameworks/UIFoundation.framework/Versions/A/UIFoundation
0x0000000002d0e000 	/usr/lib/libScreenReader.dylib
0x0000000002d0e000 	/System/Library/Frameworks/Accelerate.framework/Versions/A/Accelerate
0x0000000002d0e000 	/System/Library/Frameworks/IOSurface.framework/Versions/A/IOSurface
0x0000000002d0e000 	/System/Library/Frameworks/AudioToolbox.framework/Versions/A/AudioToolbox
0x0000000002d0e000 	/System/Library/Frameworks/AudioUnit.framework/Versions/A/AudioUnit
0x0000000002d0e000 	/System/Library/PrivateFrameworks/DataDetectorsCore.framework/Versions/A/DataDetectorsCore
0x0000000002d0e000 	/System/Library/PrivateFrameworks/DesktopServicesPriv.framework/Versions/A/DesktopServicesPriv
0x0000000002d0e000 	/System/Library/Frameworks/Carbon.framework/Versions/A/Frameworks/HIToolbox.framework/Versions/A/HIToolbox
0x0000000002d0e000 	/System/Library/Frameworks/QuartzCore.framework/Versions/A/QuartzCore
0x0000000002d0e000 	/System/Library/Frameworks/Carbon.framework/Versions/A/Frameworks/SpeechRecognition.framework/Versions/A/SpeechRecognition
0x0000000002d0e000 	/usr/lib/libauto.dylib
0x0000000002d0e000 	/usr/lib/libicucore.A.dylib
0x0000000002d0e000 	/usr/lib/libxml2.2.dylib
0x0000000002d0e000 	/System/Library/PrivateFrameworks/CoreUI.framework/Versions/A/CoreUI
0x0000000002d0e000 	/System/Library/Frameworks/CoreAudio.framework/Versions/A/CoreAudio
0x0000000002d0e000 	/System/Library/Frameworks/DiskArbitration.framework/Versions/A/DiskArbitration
0x0000000002d0e000 	/usr/lib/liblangid.dylib
0x0000000002d0e000 	/System/Library/PrivateFrameworks/MultitouchSupport.framework/Versions/A/MultitouchSupport
0x0000000002d0e000 	/System/Library/Frameworks/IOKit.framework/Versions/A/IOKit
0x0000000002d0e000 	/usr/lib/libDiagnosticMessagesClient.dylib
0x0000000002d0e000 	/System/Library/Frameworks/CoreServices.framework/Versions/A/CoreServices
0x0000000002d0e000 	/System/Library/PrivateFrameworks/PerformanceAnalysis.framework/Versions/A/PerformanceAnalysis
0x0000000002d0e000 	/System/Library/PrivateFrameworks/GenerationalStorage.framework/Versions/A/GenerationalStorage
0x0000000002d0e000 	/System/Library/Frameworks/OpenGL.framework/Versions/A/OpenGL
0x0000000002d0e000 	/System/Library/PrivateFrameworks/Sharing.framework/Versions/A/Sharing
0x0000000002d0e000 	/System/Library/Frameworks/CoreGraphics.framework/Versions/A/CoreGraphics
0x0000000002d0e000 	/System/Library/Frameworks/CoreImage.framework/Versions/A/CoreImage
0x0000000002d0e000 	/System/Library/Frameworks/CoreText.framework/Versions/A/CoreText
0x0000000002d0e000 	/System/Library/Frameworks/ImageIO.framework/Versions/A/ImageIO
0x0000000002d0e000 	/System/Library/PrivateFrameworks/Backup.framework/Versions/A/Backup
0x0000000002d0e000 	/usr/lib/libextension.dylib
0x0000000002d0e000 	/usr/lib/libarchive.2.dylib
0x0000000002d0e000 	/System/Library/Frameworks/CFNetwork.framework/Versions/A/CFNetwork
0x0000000002d0e000 	/System/Library/Frameworks/SystemConfiguration.framework/Versions/A/SystemConfiguration
0x0000000002d0e000 	/usr/lib/libCRFSuite.dylib
0x0000000002d0e000 	/usr/lib/libc++.1.dylib
0x0000000002d0e000 	/usr/lib/libc++abi.dylib
0x0000000002d0e000 	/usr/lib/system/libcache.dylib
0x0000000002d0e000 	/usr/lib/system/libcommonCrypto.dylib
0x0000000002d0e000 	/usr/lib/system/libcompiler_rt.dylib
0x0000000002d0e000 	/usr/lib/system/libcopyfile.dylib
0x0000000002d0e000 	/usr/lib/system/libcorecrypto.dylib
0x0000000002d0e000 	/usr/lib/system/libdispatch.dylib
0x0000000002d0e000 	/usr/lib/system/libdyld.dylib
0x0000000002d0e000 	/usr/lib/system/libkeymgr.dylib
0x0000000002d0e000 	/usr/lib/system/liblaunch.dylib
0x0000000002d0e000 	/usr/lib/system/libmacho.dylib
0x0000000002d0e000 	/usr/lib/system/libquarantine.dylib
0x0000000002d0e000 	/usr/lib/system/libremovefile.dylib
0x0000000002d0e000 	/usr/lib/system/libsystem_asl.dylib
0x0000000002d0e000 	/usr/lib/system/libsystem_blocks.dylib
0x0000000002d0e000 	/usr/lib/system/libsystem_c.dylib
0x0000000002d0e000 	/usr/lib/system/libsystem_configuration.dylib
0x0000000002d0e000 	/usr/lib/system/libsystem_coreservices.dylib
0x0000000002d0e000 	/usr/lib/system/libsystem_coretls.dylib
0x0000000002d0e000 	/usr/lib/system/libsystem_dnssd.dylib
0x0000000002d0e000 	/usr/lib/system/libsystem_info.dylib
0x0000000002d0e000 	/usr/lib/system/libsystem_kernel.dylib
0x0000000002d0e000 	/usr/lib/system/libsystem_m.dylib
0x0000000002d0e000 	/usr/lib/system/libsystem_malloc.dylib
0x0000000002d0e000 	/usr/lib/system/libsystem_network.dylib
0x0000000002d0e000 	/usr/lib/system/libsystem_networkextension.dylib
0x0000000002d0e000 	/usr/lib/system/libsystem_notify.dylib
0x0000000002d0e000 	/usr/lib/system/libsystem_platform.dylib
0x0000000002d0e000 	/usr/lib/system/libsystem_pthread.dylib
0x0000000002d0e000 	/usr/lib/system/libsystem_sandbox.dylib
0x0000000002d0e000 	/usr/lib/system/libsystem_secinit.dylib
0x0000000002d0e000 	/usr/lib/system/libsystem_trace.dylib
0x0000000002d0e000 	/usr/lib/system/libunc.dylib
0x0000000002d0e000 	/usr/lib/system/libunwind.dylib
0x0000000002d0e000 	/usr/lib/system/libxpc.dylib
0x0000000002d0e000 	/usr/lib/libenergytrace.dylib
0x0000000002d0e000 	/usr/lib/libbsm.0.dylib
0x0000000002d0e000 	/usr/lib/system/libkxld.dylib
0x0000000002d0e000 	/usr/lib/libxar.1.dylib
0x0000000002d0e000 	/usr/lib/libsqlite3.dylib
0x0000000002d0e000 	/usr/lib/libpam.2.dylib
0x0000000002d0e000 	/usr/lib/libOpenScriptingUtil.dylib
0x0000000002d0e000 	/usr/lib/libbz2.1.0.dylib
0x0000000002d0e000 	/usr/lib/liblzma.5.dylib
0x0000000002d0e000 	/System/Library/Frameworks/CoreServices.framework/Versions/A/Frameworks/FSEvents.framework/Versions/A/FSEvents
0x0000000002d0e000 	/System/Library/Frameworks/CoreServices.framework/Versions/A/Frameworks/CarbonCore.framework/Versions/A/CarbonCore
0x0000000002d0e000 	/System/Library/Frameworks/CoreServices.framework/Versions/A/Frameworks/Metadata.framework/Versions/A/Metadata
0x0000000002d0e000 	/System/Library/Frameworks/CoreServices.framework/Versions/A/Frameworks/OSServices.framework/Versions/A/OSServices
0x0000000002d0e000 	/System/Library/Frameworks/CoreServices.framework/Versions/A/Frameworks/SearchKit.framework/Versions/A/SearchKit
0x0000000002d0e000 	/System/Library/Frameworks/CoreServices.framework/Versions/A/Frameworks/AE.framework/Versions/A/AE
0x0000000002d0e000 	/System/Library/Frameworks/CoreServices.framework/Versions/A/Frameworks/LaunchServices.framework/Versions/A/LaunchServices
0x0000000002d0e000 	/System/Library/Frameworks/CoreServices.framework/Versions/A/Frameworks/DictionaryServices.framework/Versions/A/DictionaryServices
0x0000000002d0e000 	/System/Library/Frameworks/CoreServices.framework/Versions/A/Frameworks/SharedFileList.framework/Versions/A/SharedFileList
0x0000000002d0e000 	/System/Library/Frameworks/NetFS.framework/Versions/A/NetFS
0x0000000002d0e000 	/System/Library/PrivateFrameworks/NetAuth.framework/Versions/A/NetAuth
0x0000000002d0e000 	/System/Library/PrivateFrameworks/login.framework/Versions/A/Frameworks/loginsupport.framework/Versions/A/loginsupport
0x0000000002d0e000 	/System/Library/PrivateFrameworks/TCC.framework/Versions/A/TCC
0x0000000002d0e000 	/usr/lib/libmecabra.dylib
0x0000000002d0e000 	/System/Library/Frameworks/ApplicationServices.framework/Versions/A/Frameworks/ATS.framework/Versions/A/ATS
0x0000000002d0e000 	/System/Library/Frameworks/ApplicationServices.framework/Versions/A/Frameworks/ColorSync.framework/Versions/A/ColorSync
0x0000000002d0e000 	/System/Library/Frameworks/ApplicationServices.framework/Versions/A/Frameworks/HIServices.framework/Versions/A/HIServices
0x0000000002d0e000 	/System/Library/Frameworks/ApplicationServices.framework/Versions/A/Frameworks/LangAnalysis.framework/Versions/A/LangAnalysis
0x0000000002d0e000 	/System/Library/Frameworks/ApplicationServices.framework/Versions/A/Frameworks/PrintCore.framework/Versions/A/PrintCore
0x0000000002d0e000 	/System/Library/Frameworks/ApplicationServices.framework/Versions/A/Frameworks/QD.framework/Versions/A/QD
0x0000000002d0e000 	/System/Library/Frameworks/ApplicationServices.framework/Versions/A/Frameworks/SpeechSynthesis.framework/Versions/A/SpeechSynthesis
0x0000000002d0e000 	/System/Library/Frameworks/Metal.framework/Versions/A/Metal
0x0000000002d0e000 	/System/Library/Frameworks/Accelerate.framework/Versions/A/Frameworks/vImage.framework/Versions/A/vImage
0x0000000002d0e000 	/System/Library/Frameworks/Accelerate.framework/Versions/A/Frameworks/vecLib.framework/Versions/A/vecLib
0x0000000002d0e000 	/System/Library/Frameworks/Accelerate.framework/Versions/A/Frameworks/vecLib.framework/Versions/A/libvDSP.dylib
0x0000000002d0e000 	/System/Library/Frameworks/Accelerate.framework/Versions/A/Frameworks/vecLib.framework/Versions/A/libvMisc.dylib
0x0000000002d0e000 	/System/Library/Frameworks/Accelerate.framework/Versions/A/Frameworks/vecLib.framework/Versions/A/libLAPACK.dylib
0x0000000002d0e000 	/System/Library/Frameworks/Accelerate.framework/Versions/A/Frameworks/vecLib.framework/Versions/A/libBLAS.dylib
0x0000000002d0e000 	/System/Library/Frameworks/Accelerate.framework/Versions/A/Frameworks/vecLib.framework/Versions/A/libLinearAlgebra.dylib
0x0000000002d0e000 	/System/Library/Frameworks/Accelerate.framework/Versions/A/Frameworks/vecLib.framework/Versions/A/libSparseBLAS.dylib
0x0000000002d0e000 	/System/Library/PrivateFrameworks/GPUCompiler.framework/libmetal_timestamp.dylib
0x0000000002d0e000 	/System/Library/Frameworks/OpenGL.framework/Versions/A/Libraries/libCoreFSCache.dylib
0x0000000002d0e000 	/System/Library/PrivateFrameworks/IOAccelerator.framework/Versions/A/IOAccelerator
0x0000000002d0e000 	/System/Library/Frameworks/ApplicationServices.framework/Versions/A/Frameworks/ATS.framework/Versions/A/Resources/libFontParser.dylib
0x0000000002d0e000 	/System/Library/Frameworks/ApplicationServices.framework/Versions/A/Frameworks/ATS.framework/Versions/A/Resources/libFontRegistry.dylib
0x0000000002d0e000 	/System/Library/PrivateFrameworks/AppleVPA.framework/Versions/A/AppleVPA
0x0000000002d0e000 	/System/Library/PrivateFrameworks/AppleJPEG.framework/Versions/A/AppleJPEG
0x0000000002d0e000 	/System/Library/Frameworks/ImageIO.framework/Versions/A/Resources/libJPEG.dylib
0x0000000002d0e000 	/System/Library/Frameworks/ImageIO.framework/Versions/A/Resources/libTIFF.dylib
0x0000000002d0e000 	/System/Library/Frameworks/ImageIO.framework/Versions/A/Resources/libPng.dylib
0x0000000002d0e000 	/System/Library/Frameworks/ImageIO.framework/Versions/A/Resources/libGIF.dylib
0x0000000002d0e000 	/System/Library/Frameworks/ImageIO.framework/Versions/A/Resources/libJP2.dylib
0x0000000002d0e000 	/System/Library/Frameworks/ImageIO.framework/Versions/A/Resources/libRadiance.dylib
0x0000000002d0e000 	/System/Library/Frameworks/CoreVideo.framework/Versions/A/CoreVideo
0x0000000002d0e000 	/System/Library/Frameworks/OpenGL.framework/Versions/A/Libraries/libGLU.dylib
0x0000000002d0e000 	/System/Library/Frameworks/OpenGL.framework/Versions/A/Libraries/libGFXShared.dylib
0x0000000002d0e000 	/System/Library/Frameworks/OpenGL.framework/Versions/A/Libraries/libGL.dylib
0x0000000002d0e000 	/System/Library/Frameworks/OpenGL.framework/Versions/A/Libraries/libGLImage.dylib
0x0000000002d0e000 	/System/Library/Frameworks/OpenGL.framework/Versions/A/Libraries/libCVMSPluginSupport.dylib
0x0000000002d0e000 	/System/Library/Frameworks/OpenGL.framework/Versions/A/Libraries/libCoreVMClient.dylib
0x0000000002d0e000 	/usr/lib/libcompression.dylib
0x0000000002d0e000 	/usr/lib/libcups.2.dylib
0x0000000002d0e000 	/System/Library/Frameworks/Kerberos.framework/Versions/A/Kerberos
0x0000000002d0e000 	/System/Library/Frameworks/GSS.framework/Versions/A/GSS
0x0000000002d0e000 	/usr/lib/libresolv.9.dylib
0x0000000002d0e000 	/usr/lib/libiconv.2.dylib
0x0000000002d0e000 	/System/Library/PrivateFrameworks/Heimdal.framework/Versions/A/Heimdal
0x0000000002d0e000 	/usr/lib/libheimdal-asn1.dylib
0x0000000002d0e000 	/System/Library/Frameworks/OpenDirectory.framework/Versions/A/OpenDirectory
0x0000000002d0e000 	/System/Library/PrivateFrameworks/CommonAuth.framework/Versions/A/CommonAuth
0x0000000002d0e000 	/System/Library/Frameworks/OpenDirectory.framework/Versions/A/Frameworks/CFOpenDirectory.framework/Versions/A/CFOpenDirectory
0x0000000002d0e000 	/System/Library/Frameworks/SecurityFoundation.framework/Versions/A/SecurityFoundation
0x0000000002d0e000 	/System/Library/PrivateFrameworks/LanguageModeling.framework/Versions/A/LanguageModeling
0x0000000002d0e000 	/usr/lib/libmarisa.dylib
0x0000000002d0e000 	/usr/lib/libChineseTokenizer.dylib
0x0000000002d0e000 	/usr/lib/libcmph.dylib
0x0000000002d0e000 	/System/Library/Frameworks/ServiceManagement.framework/Versions/A/ServiceManagement
0x0000000002d0e000 	/usr/lib/libxslt.1.dylib
0x0000000002d0e000 	/System/Library/Frameworks/Carbon.framework/Versions/A/Frameworks/Ink.framework/Versions/A/Ink
0x0000000002d0e000 	/usr/lib/libFosl_dynamic.dylib
0x0000000002d0e000 	/System/Library/PrivateFrameworks/FaceCore.framework/Versions/A/FaceCore
0x0000000002d0e000 	/System/Library/Frameworks/OpenCL.framework/Versions/A/OpenCL
0x0000000002d0e000 	/System/Library/PrivateFrameworks/CrashReporterSupport.framework/Versions/A/CrashReporterSupport
0x0000000002d0e000 	/System/Library/PrivateFrameworks/IconServices.framework/Versions/A/IconServices
0x0000000002d0e000 	/System/Library/PrivateFrameworks/Apple80211.framework/Versions/A/Apple80211
0x0000000002d0e000 	/System/Library/Frameworks/CoreWLAN.framework/Versions/A/CoreWLAN
0x0000000002d0e000 	/System/Library/Frameworks/IOBluetooth.framework/Versions/A/IOBluetooth
0x0000000002d0e000 	/System/Library/PrivateFrameworks/CoreWiFi.framework/Versions/A/CoreWiFi
0x0000000002d0e000 	/System/Library/Frameworks/CoreBluetooth.framework/Versions/A/CoreBluetooth
0x0000000002d0e000 	/System/Library/PrivateFrameworks/ChunkingLibrary.framework/Versions/A/ChunkingLibrary
0x0000000002d0e000 	/System/Library/PrivateFrameworks/DebugSymbols.framework/Versions/A/DebugSymbols
0x0000000002d0e000 	/System/Library/PrivateFrameworks/CoreSymbolication.framework/Versions/A/CoreSymbolication
0x0000000002d0e000 	/System/Library/PrivateFrameworks/Symbolication.framework/Versions/A/Symbolication
0x0000000002d0e000 	/System/Library/PrivateFrameworks/SpeechRecognitionCore.framework/Versions/A/SpeechRecognitionCore
0x000000010c51e000 	/System/Library/CoreServices/Encodings/libSimplifiedChineseConverter.dylib
0x000000010c562000 	/Library/Java/JavaVirtualMachines/jdk1.8.0_40.jdk/Contents/Home/jre/lib/server/libjvm.dylib
0x0000000002d0e000 	/usr/lib/libstdc++.6.dylib
0x000000010d4cb000 	/Library/Java/JavaVirtualMachines/jdk1.8.0_40.jdk/Contents/Home/jre/lib/libverify.dylib
0x000000010d4d9000 	/Library/Java/JavaVirtualMachines/jdk1.8.0_40.jdk/Contents/Home/jre/lib/libjava.dylib
0x000000010d50f000 	/Library/Java/JavaVirtualMachines/jdk1.8.0_40.jdk/Contents/Home/jre/lib/libjdwp.dylib
0x000000010d55a000 	/Library/Java/JavaVirtualMachines/jdk1.8.0_40.jdk/Contents/Home/jre/lib/libnpt.dylib
0x000000010d56b000 	/Library/Java/JavaVirtualMachines/jdk1.8.0_40.jdk/Contents/Home/jre/lib/libzip.dylib
0x000000012117d000 	/System/Library/Frameworks/JavaVM.framework/Frameworks/JavaRuntimeSupport.framework/JavaRuntimeSupport
0x0000000121198000 	/System/Library/Frameworks/JavaVM.framework/Versions/A/Frameworks/JavaNativeFoundation.framework/Versions/A/JavaNativeFoundation
0x000000010d5f1000 	/System/Library/Frameworks/JavaVM.framework/Versions/A/JavaVM
0x0000000002d0e000 	/System/Library/Frameworks/Carbon.framework/Versions/A/Carbon
0x00000001211ad000 	/System/Library/PrivateFrameworks/JavaLaunching.framework/Versions/A/JavaLaunching
0x0000000002d0e000 	/System/Library/Frameworks/Carbon.framework/Versions/A/Frameworks/CommonPanels.framework/Versions/A/CommonPanels
0x0000000002d0e000 	/System/Library/Frameworks/Carbon.framework/Versions/A/Frameworks/Help.framework/Versions/A/Help
0x0000000002d0e000 	/System/Library/Frameworks/Carbon.framework/Versions/A/Frameworks/ImageCapture.framework/Versions/A/ImageCapture
0x0000000002d0e000 	/System/Library/Frameworks/Carbon.framework/Versions/A/Frameworks/OpenScripting.framework/Versions/A/OpenScripting
0x0000000002d0e000 	/System/Library/Frameworks/Carbon.framework/Versions/A/Frameworks/Print.framework/Versions/A/Print
0x0000000002d0e000 	/System/Library/Frameworks/Carbon.framework/Versions/A/Frameworks/SecurityHI.framework/Versions/A/SecurityHI
0x0000000122ace000 	/Library/Java/JavaVirtualMachines/jdk1.8.0_40.jdk/Contents/Home/jre/lib/libdt_socket.dylib

VM Arguments:
jvm_args: -agentlib:jdwp=transport=dt_socket,address=127.0.0.1:54942,suspend=y,server=n -ea -Didea.junit.sm_runner -Dfile.encoding=UTF-8 
java_command: com.intellij.rt.execution.junit.JUnitStarter -ideVersion5 TestUnit.UnitTestDemo,testListSort
java_class_path (initial): /Applications/IntelliJ IDEA.app/Contents/lib/idea_rt.jar:/Applications/IntelliJ IDEA.app/Contents/plugins/junit/lib/junit-rt.jar:/Library/Java/JavaVirtualMachines/jdk1.8.0_40.jdk/Contents/Home/jre/lib/charsets.jar:/Library/Java/JavaVirtualMachines/jdk1.8.0_40.jdk/Contents/Home/jre/lib/deploy.jar:/Library/Java/JavaVirtualMachines/jdk1.8.0_40.jdk/Contents/Home/jre/lib/ext/cldrdata.jar:/Library/Java/JavaVirtualMachines/jdk1.8.0_40.jdk/Contents/Home/jre/lib/ext/dnsns.jar:/Library/Java/JavaVirtualMachines/jdk1.8.0_40.jdk/Contents/Home/jre/lib/ext/jfxrt.jar:/Library/Java/JavaVirtualMachines/jdk1.8.0_40.jdk/Contents/Home/jre/lib/ext/localedata.jar:/Library/Java/JavaVirtualMachines/jdk1.8.0_40.jdk/Contents/Home/jre/lib/ext/nashorn.jar:/Library/Java/JavaVirtualMachines/jdk1.8.0_40.jdk/Contents/Home/jre/lib/ext/sunec.jar:/Library/Java/JavaVirtualMachines/jdk1.8.0_40.jdk/Contents/Home/jre/lib/ext/sunjce_provider.jar:/Library/Java/JavaVirtualMachines/jdk1.8.0_40.jdk/Contents/Home/jre/lib/ext/sunpkcs11.jar:/Library/Java/JavaVirtualMachines/jdk1.8.0_40.jdk/Contents/Home/jre/lib/ext/zipfs.jar:/Library/Java/JavaVirtualMachines/jdk1.8.0_40.jdk/Contents/Home/jre/lib/javaws.jar:/Library/Java/JavaVirtualMachines/jdk1.8.0_40.jdk/Contents/Home/jre/lib/jce.jar:/Library/Java/JavaVirtualMachines/jdk1.8.0_40.jdk/Contents/Home/jre/lib/jfr.jar:/Library/Java/JavaVirtualMachines/jdk1.8.0_40.jdk/Contents/Home/jre/lib/jfxswt.jar:/Library/Java/JavaVirtualMachines/jdk1.8.0_40.jdk/Contents/Home/jre/lib/jsse.jar:/Library/Java/JavaVirtualMachines/jdk1.8.0_40.jdk/Contents/Home/jre/lib/management-agent.jar:/Library/Java/JavaVirtualMachines/jdk1.8.0_40.jdk/Contents/Home/jre/lib/plugin.jar:/Library/Java/JavaVirtualMachines/jdk1.8.0_40.jdk/Contents/Home/jre/lib/resources.jar:/Library/Java/JavaVirtualMachines/jdk1.8.0_40.jdk/Contents/Home/jre/lib/rt.jar:/Library/Java/JavaVirtualMachines/jdk1.8.0_40.jdk/Contents/Home/lib/ant-javafx.jar:/Library/Java/JavaVirtualMachines/jdk1.8.0_40
Launcher Type: SUN_STANDARD

Environment Variables:
JAVA_HOME=/Library/Java/JavaVirtualMachines/jdk1.8.0_40.jdk/Contents/Home
CLASSPATH=/Library/Java/JavaVirtualMachines/jdk1.8.0_40.jdk/Contents/Home/lib/tools.jar:/Library/Java/JavaVirtualMachines/jdk1.8.0_40.jdk/Contents/Home/lib/dt.jar:.
PATH=/usr/bin:/bin:/usr/sbin:/sbin:/usr/local/bin:/usr/local/bin:/usr/local/git/bin:/Library/Java/JavaVirtualMachines/jdk1.8.0_40.jdk/Contents/Home/bin:/Users/ww/Documents/android-sdk-macosx/platform-tools:/Users/ww/tomcat7/bin:/Users/ww/Maven/bin:/Users/ww/RocketMQ/bin:/usr/local/mysql/bin:/usr/local/mysql/bin/mysqladmin
SHELL=/bin/bash

Signal Handlers:
SIGSEGV: [libjvm.dylib+0x58ef95], sa_mask[0]=11111111011111110111111111111111, sa_flags=SA_ONSTACK|SA_RESTART|SA_SIGINFO
SIGBUS: [libjvm.dylib+0x58ef95], sa_mask[0]=11111111011111110111111111111111, sa_flags=SA_RESTART|SA_SIGINFO
SIGFPE: [libjvm.dylib+0x46c118], sa_mask[0]=11111111011111110111111111111111, sa_flags=SA_RESTART|SA_SIGINFO
SIGPIPE: [libjvm.dylib+0x46c118], sa_mask[0]=11111111011111110111111111111111, sa_flags=SA_RESTART|SA_SIGINFO
SIGXFSZ: [libjvm.dylib+0x46c118], sa_mask[0]=11111111011111110111111111111111, sa_flags=SA_RESTART|SA_SIGINFO
SIGILL: [libjvm.dylib+0x46c118], sa_mask[0]=11111111011111110111111111111111, sa_flags=SA_RESTART|SA_SIGINFO
SIGUSR1: SIG_DFL, sa_mask[0]=00000000000000000000000000000000, sa_flags=none
SIGUSR2: [libjvm.dylib+0x46bc36], sa_mask[0]=00100000000000000000000000000000, sa_flags=SA_RESTART|SA_SIGINFO
SIGHUP: [libjvm.dylib+0x46a209], sa_mask[0]=11111111011111110111111111111111, sa_flags=SA_RESTART|SA_SIGINFO
SIGINT: [libjvm.dylib+0x46a209], sa_mask[0]=11111111011111110111111111111111, sa_flags=SA_RESTART|SA_SIGINFO
SIGTERM: [libjvm.dylib+0x46a209], sa_mask[0]=11111111011111110111111111111111, sa_flags=SA_RESTART|SA_SIGINFO
SIGQUIT: [libjvm.dylib+0x46a209], sa_mask[0]=11111111011111110111111111111111, sa_flags=SA_RESTART|SA_SIGINFO


---------------  S Y S T E M  ---------------

OS:Bsduname:Darwin 15.6.0 Darwin Kernel Version 15.6.0: Thu Sep  1 15:01:16 PDT 2016; root:xnu-3248.60.11~2/RELEASE_X86_64 x86_64
rlimit: STACK 8192k, CORE 0k, NPROC 709, NOFILE 10240, AS infinity
load average:3.76 3.82 3.64

CPU:total 4 (2 cores per cpu, 2 threads per core) family 6 model 58 stepping 9, cmov, cx8, fxsr, mmx, sse, sse2, sse3, ssse3, sse4.1, sse4.2, popcnt, avx, aes, clmul, erms, ht, tsc, tscinvbit, tscinv

Memory: 4k page, physical 4194304k(53288k free)

/proc/meminfo:


vm_info: Java HotSpot(TM) 64-Bit Server VM (25.40-b25) for bsd-amd64 JRE (1.8.0_40-b27), built on Mar 13 2015 04:46:52 by "java_re" with gcc 4.2.1 (Based on Apple Inc. build 5658) (LLVM build 2336.11.00)

time: Tue Feb 28 20:34:55 2017
elapsed time: 1423 seconds (0d 0h 23m 43s)

